<?xml version="1.0" encoding="UTF-8"?>
<testng-results skipped="0" failed="0" total="15" passed="15">
  <reporter-output>
  </reporter-output>
  <suite name="Default suite" duration-ms="25373" started-at="2017-01-25T09:04:41Z" finished-at="2017-01-25T09:05:06Z">
    <groups>
    </groups>
    <test name="Default test" duration-ms="25373" started-at="2017-01-25T09:04:41Z" finished-at="2017-01-25T09:05:06Z">
      <class name="com.sps.automation.DC4Login">
        <test-method status="PASS" signature="setUp()[pri:0, instance:com.sps.automation.DC4Login@6767c1fc]" name="setUp" duration-ms="3188" started-at="2017-01-25T14:34:41Z" finished-at="2017-01-25T14:34:44Z">
          <reporter-output>
          </reporter-output>
        </test-method> <!-- setUp -->
        <test-method status="PASS" signature="preProdLoginUrl()[pri:0, instance:com.sps.automation.DC4Login@6767c1fc]" name="preProdLoginUrl" duration-ms="1874" started-at="2017-01-25T14:34:44Z" finished-at="2017-01-25T14:34:46Z">
          <reporter-output>
          </reporter-output>
        </test-method> <!-- preProdLoginUrl -->
        <test-method status="PASS" signature="preProdLogin()[pri:0, instance:com.sps.automation.DC4Login@6767c1fc]" name="preProdLogin" duration-ms="4076" started-at="2017-01-25T14:34:46Z" finished-at="2017-01-25T14:34:50Z">
          <reporter-output>
          </reporter-output>
        </test-method> <!-- preProdLogin -->
        <test-method status="PASS" signature="clickDC4()[pri:0, instance:com.sps.automation.DC4Login@6767c1fc]" name="clickDC4" duration-ms="2504" started-at="2017-01-25T14:34:50Z" finished-at="2017-01-25T14:34:53Z">
          <reporter-output>
          </reporter-output>
        </test-method> <!-- clickDC4 -->
        <test-method status="PASS" signature="DC4EnterCompanyName()[pri:0, instance:com.sps.automation.DC4Login@6767c1fc]" name="DC4EnterCompanyName" duration-ms="196" started-at="2017-01-25T14:34:53Z" finished-at="2017-01-25T14:34:53Z">
          <reporter-output>
          </reporter-output>
        </test-method> <!-- DC4EnterCompanyName -->
        <test-method status="PASS" signature="clickDC4BrowseCustomersSearchButton()[pri:0, instance:com.sps.automation.DC4Login@6767c1fc]" name="clickDC4BrowseCustomersSearchButton" duration-ms="510" started-at="2017-01-25T14:34:53Z" finished-at="2017-01-25T14:34:53Z">
          <reporter-output>
          </reporter-output>
        </test-method> <!-- clickDC4BrowseCustomersSearchButton -->
        <test-method status="PASS" signature="DC4BrowseCustomers()[pri:0, instance:com.sps.automation.DC4Login@6767c1fc]" name="DC4BrowseCustomers" duration-ms="3911" started-at="2017-01-25T14:34:53Z" finished-at="2017-01-25T14:34:57Z">
          <reporter-output>
          </reporter-output>
        </test-method> <!-- DC4BrowseCustomers -->
        <test-method status="PASS" signature="clickProfilesSubMenu()[pri:0, instance:com.sps.automation.DC4Login@6767c1fc]" name="clickProfilesSubMenu" duration-ms="927" started-at="2017-01-25T14:34:57Z" finished-at="2017-01-25T14:34:58Z">
          <reporter-output>
          </reporter-output>
        </test-method> <!-- clickProfilesSubMenu -->
        <test-method status="PASS" signature="listOfProfilesCall()[pri:0, instance:com.sps.automation.DC4Login@6767c1fc]" name="listOfProfilesCall" duration-ms="156" started-at="2017-01-25T14:34:58Z" finished-at="2017-01-25T14:34:58Z">
          <reporter-output>
          </reporter-output>
        </test-method> <!-- listOfProfilesCall -->
        <test-method status="PASS" signature="clickOnCompanyProfile()[pri:0, instance:com.sps.automation.DC4Login@6767c1fc]" name="clickOnCompanyProfile" duration-ms="811" started-at="2017-01-25T14:34:58Z" finished-at="2017-01-25T14:34:59Z">
          <reporter-output>
          </reporter-output>
        </test-method> <!-- clickOnCompanyProfile -->
        <test-method status="PASS" signature="copyCapabilityUidCall()[pri:0, instance:com.sps.automation.DC4Login@6767c1fc]" name="copyCapabilityUidCall" duration-ms="539" started-at="2017-01-25T14:34:59Z" finished-at="2017-01-25T14:35:00Z">
          <reporter-output>
          </reporter-output>
        </test-method> <!-- copyCapabilityUidCall -->
        <test-method status="PASS" signature="clickCapabilitiesSubmenu()[pri:0, instance:com.sps.automation.DC4Login@6767c1fc]" name="clickCapabilitiesSubmenu" duration-ms="1922" started-at="2017-01-25T14:35:00Z" finished-at="2017-01-25T14:35:02Z">
          <reporter-output>
          </reporter-output>
        </test-method> <!-- clickCapabilitiesSubmenu -->
        <test-method status="PASS" signature="enterCapabilityUIDValueCall()[pri:0, instance:com.sps.automation.DC4Login@6767c1fc]" name="enterCapabilityUIDValueCall" duration-ms="105" started-at="2017-01-25T14:35:02Z" finished-at="2017-01-25T14:35:02Z">
          <reporter-output>
          </reporter-output>
        </test-method> <!-- enterCapabilityUIDValueCall -->
        <test-method status="PASS" signature="clickOnCapabilitiesSearchButton()[pri:0, instance:com.sps.automation.DC4Login@6767c1fc]" name="clickOnCapabilitiesSearchButton" duration-ms="787" started-at="2017-01-25T14:35:02Z" finished-at="2017-01-25T14:35:03Z">
          <reporter-output>
          </reporter-output>
        </test-method> <!-- clickOnCapabilitiesSearchButton -->
        <test-method status="PASS" signature="clickOnEditFileBrokerSettingsLink()[pri:0, instance:com.sps.automation.DC4Login@6767c1fc]" name="clickOnEditFileBrokerSettingsLink" duration-ms="3827" started-at="2017-01-25T14:35:03Z" finished-at="2017-01-25T14:35:06Z">
          <reporter-output>
          </reporter-output>
        </test-method> <!-- clickOnEditFileBrokerSettingsLink -->
      </class> <!-- com.sps.automation.DC4Login -->
    </test> <!-- Default test -->
  </suite> <!-- Default suite -->
</testng-results>
